0 info it worked if it ends with ok
1 verbose cli [ '/usr/bin/nodejs', '/usr/bin/npm', 'install' ]
2 info using npm@1.3.10
3 info using node@v0.10.25
4 verbose readDependencies using package.json deps
5 verbose install where, deps [ '/home/tom/Brachyon',
5 verbose install   [ 'meteor-node-stubs',
5 verbose install     'react',
5 verbose install     'react-addons-pure-render-mixin',
5 verbose install     'react-dom',
5 verbose install     'react-router',
5 verbose install     'google-map-react',
5 verbose install     'moment',
5 verbose install     'react-cropper',
5 verbose install     'react-datetime',
5 verbose install     'react-dropzone',
5 verbose install     'react-google-maps',
5 verbose install     'react-input-autosize',
5 verbose install     'react-mounter',
5 verbose install     'react-quill' ] ]
6 info preinstall brachyon@
7 verbose readDependencies using package.json deps
8 verbose already installed skipping react-addons-pure-render-mixin@^15.0.2 /home/tom/Brachyon
9 verbose already installed skipping react-dom@^15.0.2 /home/tom/Brachyon
10 verbose already installed skipping react-router@^2.4.1 /home/tom/Brachyon
11 verbose already installed skipping google-map-react@^0.12.1 /home/tom/Brachyon
12 verbose already installed skipping moment@^2.13.0 /home/tom/Brachyon
13 verbose already installed skipping react-cropper@^0.8.0 /home/tom/Brachyon
14 verbose already installed skipping react-datetime@^2.1.0 /home/tom/Brachyon
15 verbose already installed skipping react-dropzone@^3.4.0 /home/tom/Brachyon
16 verbose already installed skipping react-google-maps@^4.10.1 /home/tom/Brachyon
17 verbose already installed skipping react-input-autosize@^0.6.13 /home/tom/Brachyon
18 verbose already installed skipping react-mounter@^1.2.0 /home/tom/Brachyon
19 verbose already installed skipping react-quill@^0.4.1 /home/tom/Brachyon
20 verbose already installed skipping meteor-node-stubs@~0.2.0 /home/tom/Brachyon
21 verbose already installed skipping react@^15.0.2 /home/tom/Brachyon
22 silly resolved []
23 info build /home/tom/Brachyon
24 verbose linkStuff [ false, false, false, '/home/tom' ]
25 info linkStuff brachyon@
26 verbose linkBins brachyon@
27 verbose linkMans brachyon@
28 verbose rebuildBundles brachyon@
29 verbose rebuildBundles [ 'font-awesome',
29 verbose rebuildBundles   'google-map-react',
29 verbose rebuildBundles   'meteor-node-stubs',
29 verbose rebuildBundles   'moment',
29 verbose rebuildBundles   'react',
29 verbose rebuildBundles   'react-addons-pure-render-mixin',
29 verbose rebuildBundles   'react-cropper',
29 verbose rebuildBundles   'react-datetime',
29 verbose rebuildBundles   'react-dom',
29 verbose rebuildBundles   'react-dropzone',
29 verbose rebuildBundles   'react-file-input',
29 verbose rebuildBundles   'react-fontawesome',
29 verbose rebuildBundles   'react-google-maps',
29 verbose rebuildBundles   'react-input-autosize',
29 verbose rebuildBundles   'react-modal',
29 verbose rebuildBundles   'react-mounter',
29 verbose rebuildBundles   'react-quill',
29 verbose rebuildBundles   'react-router' ]
30 verbose rebuild bundle /home/tom/Brachyon/node_modules/font-awesome
31 info build /home/tom/Brachyon/node_modules/font-awesome
32 info preinstall font-awesome@4.6.3
33 verbose linkStuff [ false, false, false, '/home/tom/Brachyon/node_modules' ]
34 info linkStuff font-awesome@4.6.3
35 verbose linkBins font-awesome@4.6.3
36 verbose linkMans font-awesome@4.6.3
37 verbose rebuildBundles font-awesome@4.6.3
38 info install font-awesome@4.6.3
39 info postinstall font-awesome@4.6.3
40 verbose rebuild bundle /home/tom/Brachyon/node_modules/react-file-input
41 info build /home/tom/Brachyon/node_modules/react-file-input
42 info preinstall react-file-input@0.2.5
43 verbose linkStuff [ false, false, false, '/home/tom/Brachyon/node_modules' ]
44 info linkStuff react-file-input@0.2.5
45 verbose linkBins react-file-input@0.2.5
46 verbose linkMans react-file-input@0.2.5
47 verbose rebuildBundles react-file-input@0.2.5
48 info install react-file-input@0.2.5
49 info postinstall react-file-input@0.2.5
50 verbose rebuild bundle /home/tom/Brachyon/node_modules/react-fontawesome
51 info build /home/tom/Brachyon/node_modules/react-fontawesome
52 info preinstall react-fontawesome@1.1.0
53 verbose linkStuff [ false, false, false, '/home/tom/Brachyon/node_modules' ]
54 info linkStuff react-fontawesome@1.1.0
55 verbose linkBins react-fontawesome@1.1.0
56 verbose linkMans react-fontawesome@1.1.0
57 verbose rebuildBundles react-fontawesome@1.1.0
58 info install react-fontawesome@1.1.0
59 info postinstall react-fontawesome@1.1.0
60 verbose rebuild bundle /home/tom/Brachyon/node_modules/react-modal
61 info build /home/tom/Brachyon/node_modules/react-modal
62 info preinstall react-modal@1.3.0
63 verbose linkStuff [ false, false, false, '/home/tom/Brachyon/node_modules' ]
64 info linkStuff react-modal@1.3.0
65 verbose linkBins react-modal@1.3.0
66 verbose linkMans react-modal@1.3.0
67 verbose rebuildBundles react-modal@1.3.0
68 verbose rebuildBundles [ 'element-class', 'exenv', 'lodash.assign' ]
69 info install react-modal@1.3.0
70 info postinstall react-modal@1.3.0
71 info install brachyon@
72 info postinstall brachyon@
73 info prepublish brachyon@
74 error peerinvalid The package react does not satisfy its siblings' peerDependencies requirements!
74 error peerinvalid Peer react-addons-pure-render-mixin@15.1.0 wants react@^15.1.0
74 error peerinvalid Peer react-dom@15.1.0 wants react@^15.1.0
74 error peerinvalid Peer react-router@2.4.1 wants react@^0.14.0 || ^15.0.0
74 error peerinvalid Peer google-map-react@0.12.1 wants react@^0.14.0 || ^15.0.0-rc.1
74 error peerinvalid Peer react-cropper@0.8.0 wants react@^0.14.6 || ^15.0.0
74 error peerinvalid Peer react-datetime@2.2.1 wants react@>=0.13
74 error peerinvalid Peer react-dropzone@3.5.0 wants react@^0.14.0 || ^15.0.0
74 error peerinvalid Peer react-google-maps@4.11.0 wants react@^0.14.0 || ^15.0.0
74 error peerinvalid Peer react-input-autosize@0.6.13 wants react@^0.14 || ^15.0.0-rc || ^15.0
74 error peerinvalid Peer react-mounter@1.2.0 wants react@0.14.x || 15.x.x
74 error peerinvalid Peer react-quill@0.4.1 wants react@>=0.14.0
74 error peerinvalid Peer react-file-input@0.2.5 wants react@0.x
74 error peerinvalid Peer react-fontawesome@1.1.0 wants react@>=0.12.0
74 error peerinvalid Peer react-modal@1.3.0 wants react@^0.14.0 || ^15.0.0-0
75 error System Linux 3.19.0-58-generic
76 error command "/usr/bin/nodejs" "/usr/bin/npm" "install"
77 error cwd /home/tom/Brachyon
78 error node -v v0.10.25
79 error npm -v 1.3.10
80 error code EPEERINVALID
81 verbose exit [ 1, true ]
